Arguments: 
  /usr/local/bin/node /opt/homebrew/Cellar/yarn/1.22.19/libexec/bin/yarn.js add jsonwebtoken

PATH: 
  /opt/homebrew/bin:/opt/homebrew/sbin:/usr/local/bin:/System/Cryptexes/App/usr/bin:/usr/bin:/bin:/usr/sbin:/sbin:/Library/Apple/usr/bin:/opt/homebrew/bin:/opt/homebrew/sbin

Yarn version: 
  1.22.19

Node version: 
  16.18.0

Platform: 
  darwin arm64

Trace: 
  Error: getaddrinfo ENOTFOUND registry.yarnpkg.com
      at GetAddrInfoReqWrap.onlookup [as oncomplete] (node:dns:109:26)

npm manifest: 
  {
    "name": "server",
    "version": "1.0.0",
    "description": "",
    "main": "index.js",
    "scripts": {
      "dev": "nodemon index.js"
    },
    "keywords": [],
    "author": "",
    "license": "ISC",
    "dependencies": {
      "cors": "^2.8.5",
      "dotenv": "^16.0.3",
      "express": "^4.18.2",
      "express-fileupload": "^1.4.0",
      "pg": "^8.8.0",
      "pg-hstore": "^2.3.4",
      "sequelize": "^6.27.0",
      "uuid": "^9.0.0"
    },
    "devDependencies": {
      "nodemon": "^2.0.20"
    }
  }

yarn manifest: 
  No manifest

Lockfile: 
  No lockfile
